<?xml version="1.0" encoding="UTF-8"?>
<!-- Generated by org.testng.reporters.JUnitReportReporter -->
<testsuite hostname="HP" failures="0" tests="1" name="DAY7.day7task1" time="33.437" errors="0" timestamp="2023-04-17T10:25:58 IST" skipped="0">
  <testcase classname="DAY7.day7task1" name="Test1" time="33.437"/>
  <system-out/>
</testsuite> <!-- DAY7.day7task1 -->
