<?xml version="1.0" encoding="UTF-8"?>
<!-- Generated by org.testng.reporters.JUnitReportReporter -->
<testsuite hostname="HP" failures="0" tests="1" name="DAY9.day9task5" time="12.507" errors="0" timestamp="2023-04-18T15:59:18 IST" skipped="0">
  <testcase classname="DAY9.day9task5" name="function" time="12.507"/>
  <system-out/>
</testsuite> <!-- DAY9.day9task5 -->
