<?xml version="1.0" encoding="UTF-8"?>
<!-- Generated by org.testng.reporters.JUnitReportReporter -->
<testsuite hostname="HP" failures="0" tests="8" name="DAY9.NewTest" time="0.027" errors="0" timestamp="2023-04-18T15:43:45 IST" skipped="0">
  <testcase classname="DAY9.NewTest" name="sub" time="0.001"/>
  <system-out/>
  <testcase classname="DAY9.NewTest" name="div" time="0.002"/>
  <system-out/>
  <testcase classname="DAY9.NewTest" name="mul" time="0.002"/>
  <system-out/>
  <testcase classname="DAY9.NewTest" name="mul" time="0.001"/>
  <system-out/>
  <testcase classname="DAY9.NewTest" name="add" time="0.015"/>
  <system-out/>
  <testcase classname="DAY9.NewTest" name="div" time="0.002"/>
  <system-out/>
  <testcase classname="DAY9.NewTest" name="add" time="0.002"/>
  <system-out/>
  <testcase classname="DAY9.NewTest" name="sub" time="0.002"/>
  <system-out/>
</testsuite> <!-- DAY9.NewTest -->
