<?xml version="1.0" encoding="UTF-8"?>
<!-- Generated by org.testng.reporters.JUnitReportReporter -->
<testsuite hostname="HP" failures="0" tests="3" name="DAY9.day9task2_3" time="67.975" errors="0" timestamp="2023-04-17T14:52:40 IST" skipped="0">
  <testcase classname="DAY9.day9task2_3" name="Test3" time="21.617"/>
  <system-out/>
  <testcase classname="DAY9.day9task2_3" name="Test1" time="22.506"/>
  <system-out/>
  <testcase classname="DAY9.day9task2_3" name="Test2" time="23.852"/>
  <system-out/>
</testsuite> <!-- DAY9.day9task2_3 -->
