<?xml version="1.0" encoding="UTF-8"?>
<!-- Generated by org.testng.reporters.JUnitReportReporter -->
<testsuite hostname="HP" failures="0" tests="2" name="DAY9.day9task4" time="13.699" errors="0" timestamp="2023-04-18T15:40:29 IST" skipped="0">
  <testcase classname="DAY9.day9task4" name="Test2" time="3.078"/>
  <system-out/>
  <testcase classname="DAY9.day9task4" name="Test1" time="10.621"/>
  <system-out/>
</testsuite> <!-- DAY9.day9task4 -->
