<?xml version="1.0" encoding="UTF-8"?>
<!-- Generated by org.testng.reporters.JUnitReportReporter -->
<testsuite hostname="HP" failures="0" tests="1" name="DAY9.ListenerTas5" time="0.009" errors="0" timestamp="2023-04-18T15:53:01 IST" skipped="0">
  <testcase classname="DAY9.ListenerTas5" name="f" time="0.009"/>
  <system-out/>
</testsuite> <!-- DAY9.ListenerTas5 -->
